2022-06-03 17:46:54,912 - code_info - INFO - Upload '15m_31_Jan_2021_7_Feb_2022.csv' file
2022-06-03 17:47:01,541 - code_info - INFO - Download '15m_31_Jan_2021_7_Feb_2022.csv' file
2022-06-03 17:59:29,845 - code_info - INFO - Download '30m_31_Jan_2021_7_Feb_2022.csv' file
2022-06-03 17:59:45,633 - code_info - INFO - Download 'cbv' file
2022-06-03 18:00:55,441 - code_info - INFO - Download 'cbv' file
2022-06-03 18:01:02,042 - code_info - INFO - Download 'cbv' file
2022-06-03 18:01:33,190 - code_info - INFO - Download 'dfg' file
2022-06-03 18:02:05,243 - code_info - INFO - Download 'dfgfgggghdfgh' file
2022-06-03 18:06:44,356 - code_info - INFO - System Started!
2022-06-03 18:07:24,333 - code_info - INFO - System Started!
2022-06-03 18:07:25,134 - code_info - INFO - System Started!
2022-06-06 17:19:32,113 - code_info - INFO - System Started!
2022-06-06 17:19:32,952 - code_info - INFO - System Started!
2022-06-06 17:21:41,512 - code_info - INFO - System Started!
2022-06-06 17:21:53,256 - code_info - INFO - System Started!
2022-06-06 17:21:54,109 - code_info - INFO - System Started!
2022-06-06 17:34:28,618 - code_info - INFO - System Started!
2022-06-06 17:34:54,710 - code_info - INFO - System Started!
2022-06-06 17:34:55,494 - code_info - INFO - System Started!
2022-06-06 17:45:47,787 - code_info - INFO - System Started!
2022-06-06 17:46:24,143 - code_info - INFO - System Started!
2022-06-06 17:46:34,163 - code_info - INFO - System Started!
2022-06-06 17:46:34,974 - code_info - INFO - System Started!
2022-06-07 21:37:55,725 - code_info - INFO - System Started!
2022-06-07 21:37:56,529 - code_info - INFO - System Started!
2022-06-07 21:39:34,744 - code_info - INFO - Download '2h_31 Jan, 2021_7 Feb, 2022.csv' file
2022-06-07 21:48:06,004 - code_info - INFO - System Started!
2022-06-07 21:48:06,827 - code_info - INFO - System Started!
2022-06-07 22:05:05,392 - code_info - INFO - System Started!
2022-06-07 22:06:03,066 - code_info - INFO - Delete '2h_31 Jan, 2021_7 Feb, 2022.cs' file
2022-06-07 22:06:28,705 - code_info - INFO - Delete '2h_31 Jan, 2021_7 Feb, 2022.csv' file
2022-06-07 22:41:05,831 - code_info - INFO - System Started!
2022-06-07 22:41:06,647 - code_info - INFO - System Started!
2022-06-07 22:41:12,030 - code_info - INFO - System Started!
2022-06-07 22:47:40,398 - code_info - INFO - List Files
2022-06-07 22:48:14,432 - code_info - INFO - System Started!
2022-06-07 22:48:26,182 - code_info - INFO - List Files
2022-06-07 22:48:51,010 - code_info - INFO - System Started!
2022-06-07 22:49:11,927 - code_info - INFO - List Files
2022-06-07 22:55:37,200 - code_info - INFO - System Started!
2022-06-07 22:57:36,693 - code_info - INFO - System Started!
2022-06-07 23:05:38,810 - code_info - INFO - System Started!
2022-06-07 23:07:23,080 - code_info - INFO - System Started!
2022-06-07 23:07:54,581 - code_info - INFO - System Started!
2022-06-07 23:09:07,540 - code_info - INFO - List Files
2022-06-07 23:12:18,936 - code_info - INFO - System Started!
2022-06-07 23:13:35,906 - code_info - INFO - System Started!
2022-06-12 17:27:41,815 - code_info - INFO - System Started!
2022-06-12 17:27:42,688 - code_info - INFO - System Started!
2022-06-12 17:30:33,922 - code_info - INFO - System Started!
2022-06-12 17:31:41,490 - code_info - INFO - Delete 'fgdfgdffg' file
2022-06-12 17:33:41,140 - code_info - INFO - System Started!
2022-06-12 17:33:46,427 - code_info - INFO - Delete 'fgdfgdffg' file
2022-06-12 17:35:05,163 - code_info - INFO - System Started!
2022-06-12 17:36:20,042 - code_info - INFO - System Started!
2022-06-12 17:44:33,590 - code_info - INFO - System Started!
2022-06-12 17:45:12,377 - code_info - INFO - List Files
2022-06-12 17:47:33,614 - code_info - INFO - System Started!
2022-06-15 09:07:12,309 - code_info - INFO - System Started!
2022-06-15 09:07:13,118 - code_info - INFO - System Started!
2022-06-15 10:19:57,258 - code_info - INFO - System Started!
2022-06-15 10:19:57,258 - code_info - INFO - System Started!
2022-06-15 10:19:58,088 - code_info - INFO - System Started!
2022-06-15 10:19:58,088 - code_info - INFO - System Started!
2022-06-15 11:32:18,751 - code_info - INFO - List Files
2022-06-15 11:34:33,784 - code_info - INFO - List Files
2022-06-23 17:59:03,285 - code_info - INFO - List Files
2022-06-23 18:07:42,908 - code_info - INFO - List Files
2022-06-23 18:07:44,919 - code_info - INFO - List Files
2022-06-23 18:08:33,776 - code_info - INFO - List Files
2022-06-23 22:53:22,507 - code_info - INFO - List Files
2022-06-23 22:54:12,774 - code_info - INFO - Download '"3m_31_Jan_2021_7_Feb_2022.csv"' file
2022-06-23 23:02:31,499 - code_info - INFO - Delete '"3m_31_Jan_2021_7_Feb_2022.csv"' file
2022-06-23 23:03:36,277 - code_info - INFO - Delete '"3m_31_Jan_2021_7_Feb_2022.csv"' file
2022-06-23 23:06:43,629 - code_info - INFO - Delete '"3m_31_Jan_2021_7_Feb_2022.csv"' file
2022-06-23 23:06:51,046 - code_info - INFO - Delete '"3m_31_Jan_2021_7_Feb_2022.csv"' file
2022-06-23 23:10:51,420 - code_info - INFO - List Files
2022-06-23 23:11:06,651 - code_info - INFO - Upload '"3m_31_Jan_2021_7_Feb_2022.csv"' file
2022-06-23 23:11:31,043 - code_info - INFO - Delete '"3m_31_Jan_2021_7_Feb_2022.csv"' file
2022-06-23 23:11:50,035 - code_info - INFO - Delete '"3m_31_Jan_2021_7_Feb_2022.csv"' file
2022-06-23 23:12:40,558 - code_info - INFO - Delete '3m_31_Jan_2021_7_Feb_2022.csv' file
2022-06-24 11:36:17,182 - code_info - INFO - List Files
2022-06-24 11:43:29,820 - code_info - INFO - Upload '15m_31_Jan_2021_7_Feb_2022.csv' file
2022-06-24 11:44:20,599 - code_info - INFO - Upload '156m_31_Jan_2021_7_Feb_2022.csv' file
2022-06-24 11:48:05,518 - code_info - INFO - Upload '156m_31_Jan_2021_7_Feb_2022.csv' file
2022-06-24 11:49:23,386 - code_info - INFO - Download '2432554.csv' file
2022-06-24 11:50:44,433 - code_info - INFO - Download '9827364.csv' file
2022-06-24 12:29:01,030 - code_info - INFO - Upload 'UPLOADS_PATH' file
2022-06-24 12:29:58,561 - code_info - INFO - Download '9827364.csv' file
2022-06-24 12:32:50,906 - code_info - INFO - Upload 'UPLOADS_PATH' file
2022-06-24 12:45:38,205 - code_info - INFO - Upload 'UPLOADS_PATH' file
2022-06-24 12:46:46,298 - code_info - INFO - Upload 'UPLOADS_PATH' file
2022-06-24 12:55:57,555 - code_info - INFO - Upload 'UPLOADS_PATH' file
2022-06-24 13:00:26,717 - code_info - INFO - Upload 'UPLOADS_PATH' file
2022-06-24 13:00:26,717 - code_info - WARNING - Error in upload! Did not find upload folder
2022-06-24 13:06:14,143 - code_info - INFO - System Started!
2022-06-24 13:06:14,960 - code_info - INFO - System Started!
2022-06-24 13:06:32,077 - code_info - INFO - Upload 'dsfgdsfg' file
2022-06-24 13:06:32,077 - code_info - WARNING - Error in upload! Did not find upload folder
2022-06-24 13:08:55,935 - code_info - INFO - System Started!
2022-06-24 16:49:19,870 - code_info - INFO - System Started!
2022-06-24 16:49:49,862 - code_info - INFO - Download '4h_31_Jan, 2021_7 Feb, 2022.csv' file
2022-06-24 17:55:11,314 - code_info - INFO - System Started!
2022-06-24 17:55:12,149 - code_info - INFO - System Started!
2022-06-24 17:56:42,581 - code_info - INFO - System Started!
2022-06-24 17:56:54,267 - code_info - INFO - System Started!
2022-06-24 17:56:55,132 - code_info - INFO - System Started!
2022-06-24 17:57:27,829 - code_info - INFO - System Started!
2022-06-24 17:57:28,681 - code_info - INFO - System Started!
2022-06-24 17:58:27,073 - code_info - INFO - System Started!
2022-06-24 17:58:46,842 - code_info - INFO - System Started!
2022-06-24 17:58:47,687 - code_info - INFO - System Started!
2022-08-27 17:41:54,981 - code_info - INFO - System Started!
2022-08-27 17:42:36,859 - code_info - INFO - System Started!
2022-08-27 17:43:19,639 - code_info - INFO - System Started!
2022-08-27 17:44:03,960 - code_info - INFO - System Started!
2022-08-27 17:44:05,030 - code_info - INFO - System Started!
2022-08-27 17:45:02,483 - code_info - INFO - System Started!
2022-08-27 17:50:31,345 - code_info - INFO - System Started!
2022-08-27 17:52:19,306 - code_info - INFO - System Started!
